waiting for port 10000 to be open...done!
+----------------------------------------------------+
|                      Explain                       |
+----------------------------------------------------+
| Plan optimized by CBO.                             |
|                                                    |
| Vertex dependency in root stage                    |
| Map 1 <- Map 2 (BROADCAST_EDGE)                    |
|                                                    |
| Stage-0                                            |
|   Fetch Operator                                   |
|     limit:-1                                       |
|     Stage-1                                        |
|       Map 1 vectorized                             |
|       File Output Operator [FS_32]                 |
|         Select Operator [SEL_31] (rows=3 width=198) |
|           Output:["_col0","_col1","_col2","_col3","_col4","_col5","_col6"] |
|           Map Join Operator [MAPJOIN_30] (rows=3 width=198) |
|             Conds:SEL_29._col1=RS_27._col0(Inner),Output:["_col0","_col2","_col3","_col4","_col5","_col6","_col7"] |
|           <-Map 2 [BROADCAST_EDGE] vectorized      |
|             BROADCAST [RS_27]                      |
|               PartitionCols:_col0                  |
|               Select Operator [SEL_26] (rows=3 width=97) |
|                 Output:["_col0","_col1","_col2"]   |
|                 TableScan [TS_3] (rows=3 width=97) |
|                   default@depts_n2,depts_n2, ACID table,Tbl:COMPLETE,Col:COMPLETE,Output:["deptno","name","locationid"] |
|           <-Select Operator [SEL_29] (rows=3 width=105) |
|               Output:["_col0","_col1","_col2","_col3","_col4"] |
|               Filter Operator [FIL_28] (rows=3 width=105) |
|                 predicate:((empid < 120) and deptno is not null) |
|                 TableScan [TS_0] (rows=3 width=105) |
|                   default@mv1_n2,default.mv1_n2,Tbl:COMPLETE,Col:COMPLETE,Output:["empid","deptno","name","salary","commission"] |
|                                                    |
+----------------------------------------------------+
