waiting for port 10000 to be open...done!
+----------------------------------------------------+
|                      Explain                       |
+----------------------------------------------------+
| Plan optimized by CBO.                             |
|                                                    |
| Vertex dependency in root stage                    |
| Map 1 <- Map 2 (BROADCAST_EDGE)                    |
|                                                    |
| Stage-0                                            |
|   Fetch Operator                                   |
|     limit:-1                                       |
|     Stage-1                                        |
|       Map 1 vectorized                             |
|       File Output Operator [FS_32]                 |
|         Select Operator [SEL_31] (rows=3 width=93) |
|           Output:["_col0","_col1"]                 |
|           Map Join Operator [MAPJOIN_30] (rows=3 width=93) |
|             Conds:SEL_29._col1=RS_27._col0(Inner),Output:["_col0","_col3"] |
|           <-Map 2 [BROADCAST_EDGE] vectorized      |
|             BROADCAST [RS_27]                      |
|               PartitionCols:_col0                  |
|               Select Operator [SEL_26] (rows=3 width=93) |
|                 Output:["_col0","_col1"]           |
|                 TableScan [TS_3] (rows=3 width=93) |
|                   default@depts,depts, ACID table,Tbl:COMPLETE,Col:COMPLETE,Output:["deptno","deptname"] |
|           <-Select Operator [SEL_29] (rows=3 width=8) |
|               Output:["_col0","_col1"]             |
|               Filter Operator [FIL_28] (rows=3 width=12) |
|                 predicate:(hire_date BETWEEN 600 AND 1200 and deptno is not null) |
|                 TableScan [TS_0] (rows=5 width=12) |
|                   default@emps,emps, ACID table,Tbl:COMPLETE,Col:COMPLETE,Output:["empid","deptno","hire_date"] |
|                                                    |
+----------------------------------------------------+
+--------------------------------------+
|               Explain                |
+--------------------------------------+
| Plan optimized by CBO.               |
|                                      |
| Stage-0                              |
|   Fetch Operator                     |
|     limit:-1                         |
|     Select Operator [SEL_2]          |
|       Output:["_col0"]               |
|       Filter Operator [FIL_4]        |
|         predicate:(deptno > 20)      |
|         TableScan [TS_0]             |
|           Output:["empid","deptno"]  |
|                                      |
+--------------------------------------+
